<?xml version="1.0" encoding="UTF-8"?>
<!-- Generated by org.testng.reporters.JUnitReportReporter -->
<testsuite hostname="DESKTOP-S0P6QUG" failures="0" tests="1" name="org.testng_sample.Sample" time="46.021" errors="0" timestamp="07 Sep 2021 06:50:59 GMT" skipped="0">
  <testcase classname="org.testng_sample.Sample" name="testCase1" time="46.021"/>
</testsuite> <!-- org.testng_sample.Sample -->
