<?xml version="1.0" encoding="UTF-8"?>
<!-- Generated by org.testng.reporters.JUnitReportReporter -->
<testsuite hostname="DESKTOP-S0P6QUG" failures="0" tests="3" name="org.testng_sample.Testngpractice3" time="0.014" errors="0" timestamp="09 Sep 2021 19:30:48 GMT" skipped="0">
  <testcase classname="org.testng_sample.Testngpractice3" name="tc222" time="0.005"/>
  <testcase classname="org.testng_sample.Testngpractice3" name="tc333" time="0.005"/>
  <testcase classname="org.testng_sample.Testngpractice3" name="tc111" time="0.004"/>
</testsuite> <!-- org.testng_sample.Testngpractice3 -->
