<?xml version="1.0" encoding="UTF-8"?>
<!-- Generated by org.testng.reporters.JUnitReportReporter -->
<testsuite hostname="DESKTOP-S0P6QUG" failures="0" tests="1" name="org.testng_sample.Screenshot" time="8.208" errors="0" timestamp="07 Sep 2021 07:42:34 GMT" skipped="0">
  <testcase classname="org.testng_sample.Screenshot" name="testCase3" time="8.208"/>
</testsuite> <!-- org.testng_sample.Screenshot -->
