<?xml version="1.0" encoding="UTF-8"?>
<!-- Generated by org.testng.reporters.JUnitReportReporter -->
<testsuite hostname="DESKTOP-S0P6QUG" failures="0" tests="1" name="org.testng_sample.Testngpractice" time="3.923" errors="0" timestamp="09 Sep 2021 20:38:48 GMT" skipped="0">
  <testcase classname="org.testng_sample.Testngpractice" name="homepage" time="3.923"/>
</testsuite> <!-- org.testng_sample.Testngpractice -->
