<?xml version="1.0" encoding="UTF-8"?>
<!-- Generated by org.testng.reporters.JUnitReportReporter -->
<testsuite hostname="DESKTOP-S0P6QUG" failures="0" tests="1" name="org.testng_sample.Suggestion" time="4.247" errors="0" timestamp="08 Sep 2021 07:16:53 GMT" skipped="0">
  <testcase classname="org.testng_sample.Suggestion" name="testCase1" time="4.247"/>
</testsuite> <!-- org.testng_sample.Suggestion -->
